[0314/205900:ERROR:ipc_channel_win.cc(217)] pipe error: 109
[0315/102248:ERROR:ipc_channel_win.cc(217)] pipe error: 109
[0315/102248:WARNING:raw_channel_win.cc(532)] WriteFile: 管道正在被关闭。 (0xE8)
[0315/102248:WARNING:channel.cc(359)] RawChannel write error
[0315/103035:ERROR:ipc_channel_win.cc(217)] pipe error: 109
[0315/103035:WARNING:raw_channel_win.cc(532)] WriteFile: 管道正在被关闭。 (0xE8)
[0315/103035:WARNING:channel.cc(359)] RawChannel write error
[0315/103035:ERROR:gles2_cmd_decoder.cc(13979)] [.CommandBufferContext.Compositor-0AB62F60]GL ERROR :GL_INVALID_OPERATION : glCreateAndConsumeTextureCHROMIUM: invalid mailbox name
[0315/103035:ERROR:gles2_cmd_decoder.cc(7639)] [.CommandBufferContext.Compositor-0AB62F60]RENDER WARNING: texture bound to texture unit 0 is not renderable. It maybe non-power-of-2 and have incompatible texture filtering.
[0315/103035:ERROR:gles2_cmd_decoder.cc(13979)] [.CommandBufferContext.Compositor-0AB62F60]GL ERROR :GL_INVALID_OPERATION : glCreateAndConsumeTextureCHROMIUM: invalid mailbox name
[0315/103035:ERROR:gles2_cmd_decoder.cc(7639)] [.CommandBufferContext.Compositor-0AB62F60]RENDER WARNING: texture bound to texture unit 0 is not renderable. It maybe non-power-of-2 and have incompatible texture filtering.
[0315/103300:WARNING:raw_channel_win.cc(532)] WriteFile: 管道正在被关闭。 (0xE8)
[0315/103300:WARNING:channel.cc(359)] RawChannel write error
[0315/112005:ERROR:ipc_channel_win.cc(512)] pipe error: 232
[0315/112005:ERROR:ipc_channel_win.cc(217)] pipe error: 109
[0315/112005:WARNING:raw_channel_win.cc(532)] WriteFile: 管道正在被关闭。 (0xE8)
[0315/112005:WARNING:channel.cc(359)] RawChannel write error
[0315/141444:ERROR:CONSOLE(1487)] "TypeError: Cannot read property 'name' of undefined TypeError: Cannot read property 'name' of undefined
    at Object.WebInspector.ObjectPropertiesSectionExpandController._propertyPath (chrome-devtools://devtools/inspector.js:9203:174)
    at Object.WebInspector.ObjectPropertiesSectionExpandController._elementAttached (chrome-devtools://devtools/inspector.js:9198:88)
    at Object.WebInspector.Object.dispatchEventToListeners (chrome-devtools://devtools/inspector.js:767:185)
    at Object.TreeElement.insertChild (chrome-devtools://devtools/inspector.js:1736:18)
    at Object.TreeElement.appendChild (chrome-devtools://devtools/inspector.js:1728:43)
    at Function.WebInspector.ObjectPropertyTreeElement.populateWithProperties (chrome-devtools://devtools/inspector.js:9061:10)
    at callback (chrome-devtools://devtools/inspector.js:9050:76)
    at processCallback (chrome-devtools://devtools/inspector.js:6275:8)
    at ownPropertiesCallback (chrome-devtools://devtools/inspector.js:6279:75)
    at Object.remoteObjectBinder (chrome-devtools://devtools/inspector.js:6235:1)", source: chrome-devtools://devtools/inspector.js (1487)
[0315/141609:ERROR:CONSOLE(1487)] "TypeError: Cannot read property 'name' of undefined TypeError: Cannot read property 'name' of undefined
    at Object.WebInspector.ObjectPropertiesSectionExpandController._propertyPath (chrome-devtools://devtools/inspector.js:9203:174)
    at Object.WebInspector.ObjectPropertiesSectionExpandController._elementAttached (chrome-devtools://devtools/inspector.js:9198:88)
    at Object.WebInspector.Object.dispatchEventToListeners (chrome-devtools://devtools/inspector.js:767:185)
    at Object.TreeElement.insertChild (chrome-devtools://devtools/inspector.js:1736:18)
    at Object.TreeElement.appendChild (chrome-devtools://devtools/inspector.js:1728:43)
    at Function.WebInspector.ObjectPropertyTreeElement.populateWithProperties (chrome-devtools://devtools/inspector.js:9061:10)
    at callback (chrome-devtools://devtools/inspector.js:9050:76)
    at processCallback (chrome-devtools://devtools/inspector.js:6275:8)
    at ownPropertiesCallback (chrome-devtools://devtools/inspector.js:6279:75)
    at Object.remoteObjectBinder (chrome-devtools://devtools/inspector.js:6235:1)", source: chrome-devtools://devtools/inspector.js (1487)
[0315/141625:ERROR:ipc_channel_win.cc(217)] pipe error: 109
[0315/141625:WARNING:raw_channel_win.cc(532)] WriteFile: 管道正在被关闭。 (0xE8)
[0315/141625:WARNING:channel.cc(359)] RawChannel write error
[0315/141759:ERROR:ipc_channel_win.cc(217)] pipe error: 109
[0315/141759:WARNING:raw_channel_win.cc(532)] WriteFile: 管道正在被关闭。 (0xE8)
[0315/141759:WARNING:channel.cc(359)] RawChannel write error
[0315/145411:WARNING:raw_channel_win.cc(532)] WriteFile: 管道正在被关闭。 (0xE8)
[0315/145411:WARNING:channel.cc(359)] RawChannel write error
[0315/145411:ERROR:ipc_channel_win.cc(217)] pipe error: 109
[0315/145411:WARNING:raw_channel_win.cc(532)] WriteFile: 管道正在被关闭。 (0xE8)
[0315/145411:WARNING:channel.cc(359)] RawChannel write error
[0315/150155:ERROR:CONSOLE(1487)] "TypeError: Cannot read property 'name' of undefined TypeError: Cannot read property 'name' of undefined
    at Object.WebInspector.ObjectPropertiesSectionExpandController._propertyPath (chrome-devtools://devtools/inspector.js:9203:174)
    at Object.WebInspector.ObjectPropertiesSectionExpandController._elementAttached (chrome-devtools://devtools/inspector.js:9198:88)
    at Object.WebInspector.Object.dispatchEventToListeners (chrome-devtools://devtools/inspector.js:767:185)
    at Object.TreeElement.insertChild (chrome-devtools://devtools/inspector.js:1736:18)
    at Object.TreeElement.appendChild (chrome-devtools://devtools/inspector.js:1728:43)
    at Function.WebInspector.ObjectPropertyTreeElement.populateWithProperties (chrome-devtools://devtools/inspector.js:9061:10)
    at callback (chrome-devtools://devtools/inspector.js:9050:76)
    at processCallback (chrome-devtools://devtools/inspector.js:6275:8)
    at ownPropertiesCallback (chrome-devtools://devtools/inspector.js:6279:75)
    at Object.remoteObjectBinder (chrome-devtools://devtools/inspector.js:6235:1)", source: chrome-devtools://devtools/inspector.js (1487)
[0315/150223:ERROR:ipc_channel_win.cc(217)] pipe error: 109
[0315/150223:WARNING:raw_channel_win.cc(532)] WriteFile: 管道正在被关闭。 (0xE8)
[0315/150223:WARNING:channel.cc(359)] RawChannel write error
[0315/150929:ERROR:ipc_channel_win.cc(217)] pipe error: 109
[0315/150929:WARNING:raw_channel_win.cc(532)] WriteFile: 管道正在被关闭。 (0xE8)
[0315/150929:WARNING:channel.cc(359)] RawChannel write error
[0315/161158:ERROR:ipc_channel_win.cc(512)] pipe error: 232
[0315/161159:WARNING:raw_channel_win.cc(532)] WriteFile: 管道正在被关闭。 (0xE8)
[0315/161159:ERROR:ipc_channel_win.cc(217)] pipe error: 109
[0315/161159:WARNING:channel.cc(359)] RawChannel write error
[0316/140809:WARNING:raw_channel_win.cc(532)] WriteFile: 管道正在被关闭。 (0xE8)
[0316/141152:ERROR:ipc_channel_win.cc(217)] pipe error: 109
[0316/141152:WARNING:raw_channel_win.cc(532)] WriteFile: 管道正在被关闭。 (0xE8)
[0316/141152:WARNING:channel.cc(359)] RawChannel write error
[0316/141256:ERROR:ipc_channel_win.cc(512)] pipe error: 232
[0316/141256:WARNING:raw_channel_win.cc(532)] WriteFile: 管道正在被关闭。 (0xE8)
[0316/141256:WARNING:raw_channel_win.cc(532)] WriteFile: 管道正在被关闭。 (0xE8)
[0316/141256:WARNING:channel.cc(359)] RawChannel write error
[0316/141256:ERROR:ipc_channel_win.cc(217)] pipe error: 109
[0316/150918:WARNING:dns_config_service_win.cc(674)] Failed to read DnsConfig.
[0316/150923:WARNING:dns_config_service_win.cc(674)] Failed to read DnsConfig.
[0316/150928:WARNING:dns_config_service_win.cc(674)] Failed to read DnsConfig.
[0316/150933:WARNING:dns_config_service_win.cc(674)] Failed to read DnsConfig.
[0316/150938:WARNING:dns_config_service_win.cc(674)] Failed to read DnsConfig.
[0316/150943:WARNING:dns_config_service_win.cc(674)] Failed to read DnsConfig.
[0316/150948:WARNING:dns_config_service_win.cc(674)] Failed to read DnsConfig.
[0316/150953:WARNING:dns_config_service_win.cc(674)] Failed to read DnsConfig.
[0316/150958:WARNING:dns_config_service_win.cc(674)] Failed to read DnsConfig.
[0316/151003:WARNING:dns_config_service_win.cc(674)] Failed to read DnsConfig.
[0316/151008:WARNING:dns_config_service_win.cc(674)] Failed to read DnsConfig.
[0316/151013:WARNING:dns_config_service_win.cc(674)] Failed to read DnsConfig.
[0316/151018:WARNING:dns_config_service_win.cc(674)] Failed to read DnsConfig.
[0316/151023:WARNING:dns_config_service_win.cc(674)] Failed to read DnsConfig.
[0316/151028:WARNING:dns_config_service_win.cc(674)] Failed to read DnsConfig.
[0316/151033:WARNING:dns_config_service_win.cc(674)] Failed to read DnsConfig.
[0316/151038:WARNING:dns_config_service_win.cc(674)] Failed to read DnsConfig.
[0316/151043:WARNING:dns_config_service_win.cc(674)] Failed to read DnsConfig.
[0316/151048:WARNING:dns_config_service_win.cc(674)] Failed to read DnsConfig.
[0316/151053:WARNING:dns_config_service_win.cc(674)] Failed to read DnsConfig.
[0316/151058:WARNING:dns_config_service_win.cc(674)] Failed to read DnsConfig.
[0316/151103:WARNING:dns_config_service_win.cc(674)] Failed to read DnsConfig.
[0316/151104:WARNING:dns_config_service_win.cc(674)] Failed to read DnsConfig.
[0316/151140:ERROR:audio_output_device.cc(384)] IO loop going away before the audio device has been stopped
[0316/152707:ERROR:ipc_channel_win.cc(217)] pipe error: 109
[0320/154606:ERROR:ipc_channel_win.cc(217)] pipe error: 109
[0320/204446:ERROR:ipc_channel_win.cc(217)] pipe error: 109
[0320/204446:WARNING:raw_channel_win.cc(532)] WriteFile: 管道正在被关闭。 (0xE8)
[0320/204446:WARNING:channel.cc(359)] RawChannel write error
